react-dom.development.js:29895 Download the React DevTools for a better development experience: https://reactjs.org/link/react-devtools
App.tsx:23   GET http://localhost:3001/api/samples net::ERR_CONNECTION_REFUSED
(匿名) @ App.tsx:23
commitHookEffectListMount @ react-dom.development.js:23189
commitPassiveMountOnFiber @ react-dom.development.js:24965
commitPassiveMountEffects_complete @ react-dom.development.js:24930
commitPassiveMountEffects_begin @ react-dom.development.js:24917
commitPassiveMountEffects @ react-dom.development.js:24905
flushPassiveEffectsImpl @ react-dom.development.js:27078
flushPassiveEffects @ react-dom.development.js:27023
(匿名) @ react-dom.development.js:26808
workLoop @ scheduler.development.js:266
flushWork @ scheduler.development.js:239
performWorkUntilDeadline @ scheduler.development.js:533
App.tsx:34  Failed to fetch sample files: TypeError: Failed to fetch
    at App.tsx:23:5
    at commitHookEffectListMount (react-dom.development.js:23189:26)
    at commitPassiveMountOnFiber (react-dom.development.js:24965:13)
    at commitPassiveMountEffects_complete (react-dom.development.js:24930:9)
    at commitPassiveMountEffects_begin (react-dom.development.js:24917:7)
    at commitPassiveMountEffects (react-dom.development.js:24905:3)
    at flushPassiveEffectsImpl (react-dom.development.js:27078:3)
    at flushPassiveEffects (react-dom.development.js:27023:14)
    at react-dom.development.js:26808:9
    at workLoop (scheduler.development.js:266:34)
(匿名) @ App.tsx:34
Promise.catch
(匿名) @ App.tsx:33
commitHookEffectListMount @ react-dom.development.js:23189
commitPassiveMountOnFiber @ react-dom.development.js:24965
commitPassiveMountEffects_complete @ react-dom.development.js:24930
commitPassiveMountEffects_begin @ react-dom.development.js:24917
commitPassiveMountEffects @ react-dom.development.js:24905
flushPassiveEffectsImpl @ react-dom.development.js:27078
flushPassiveEffects @ react-dom.development.js:27023
(匿名) @ react-dom.development.js:26808
workLoop @ scheduler.development.js:266
flushWork @ scheduler.development.js:239
performWorkUntilDeadline @ scheduler.development.js:533
App.tsx:23   GET http://localhost:3001/api/samples net::ERR_CONNECTION_REFUSED
(匿名) @ App.tsx:23
commitHookEffectListMount @ react-dom.development.js:23189
invokePassiveEffectMountInDEV @ react-dom.development.js:25193
invokeEffectsInDev @ react-dom.development.js:27390
commitDoubleInvokeEffectsInDEV @ react-dom.development.js:27369
flushPassiveEffectsImpl @ react-dom.development.js:27095
flushPassiveEffects @ react-dom.development.js:27023
(匿名) @ react-dom.development.js:26808
workLoop @ scheduler.development.js:266
flushWork @ scheduler.development.js:239
performWorkUntilDeadline @ scheduler.development.js:533
App.tsx:34  Failed to fetch sample files: TypeError: Failed to fetch
    at App.tsx:23:5
    at commitHookEffectListMount (react-dom.development.js:23189:26)
    at invokePassiveEffectMountInDEV (react-dom.development.js:25193:13)
    at invokeEffectsInDev (react-dom.development.js:27390:11)
    at commitDoubleInvokeEffectsInDEV (react-dom.development.js:27369:7)
    at flushPassiveEffectsImpl (react-dom.development.js:27095:5)
    at flushPassiveEffects (react-dom.development.js:27023:14)
    at react-dom.development.js:26808:9
    at workLoop (scheduler.development.js:266:34)
    at flushWork (scheduler.development.js:239:14)
(匿名) @ App.tsx:34
Promise.catch
(匿名) @ App.tsx:33
commitHookEffectListMount @ react-dom.development.js:23189
invokePassiveEffectMountInDEV @ react-dom.development.js:25193
invokeEffectsInDev @ react-dom.development.js:27390
commitDoubleInvokeEffectsInDEV @ react-dom.development.js:27369
flushPassiveEffectsImpl @ react-dom.development.js:27095
flushPassiveEffects @ react-dom.development.js:27023
(匿名) @ react-dom.development.js:26808
workLoop @ scheduler.development.js:266
flushWork @ scheduler.development.js:239
performWorkUntilDeadline @ scheduler.development.js:533
